{
  "levelname": "ERROR",
  "asctime": "2023-01-07 11:37:20,967",
  "filename": "create.py",
  "lineno": 291,
  "message": "User has no usermovies."
}
{
  "levelname": "ERROR",
  "asctime": "2023-01-09 13:11:25,153",
  "filename": "crud_utils.py",
  "lineno": 30,
  "message": "OtherSourcesRating matching query does not exist."
}
{
  "levelname": "ERROR",
  "asctime": "2023-01-18 11:08:32,773",
  "filename": "read.py",
  "lineno": 254,
  "message": "Cannot resolve keyword 'added' into field. Choices are: actors, budget, category, category_id, country, country_en, country_ru, description, description_en, description_ru, directors, draft, fees_in_usa, fees_in_world, genres, id, movie_rating, movieshots, poster, rating, review, tagline, tagline_en, tagline_ru, title, title_en, title_ru, url, user_movie, user_movies, world_premiere, year"
}
{
  "levelname": "ERROR",
  "asctime": "2023-01-18 11:11:59,585",
  "filename": "read.py",
  "lineno": 258,
  "message": "'UserProfileMovie' object has no attribute 'poster'"
}
{
  "levelname": "ERROR",
  "asctime": "2023-01-18 11:20:58,908",
  "filename": "read.py",
  "lineno": 259,
  "message": "Cannot resolve keyword 'movies' into field. Choices are: added, id, movie, movie_id, user_profile, user_profile_id"
}
{
  "levelname": "ERROR",
  "asctime": "2023-01-18 11:25:06,865",
  "filename": "read.py",
  "lineno": 260,
  "message": "'UserProfileMovie' object has no attribute 'get_absolute_url'"
}
{
  "levelname": "ERROR",
  "asctime": "2023-01-18 13:42:06,995",
  "filename": "repositories.py",
  "lineno": 155,
  "message": "Rating matching query does not exist."
}
{
  "levelname": "ERROR",
  "asctime": "2023-01-18 13:55:58,121",
  "filename": "read.py",
  "lineno": 248,
  "message": "User has no user_profile."
}
{
  "levelname": "ERROR",
  "asctime": "2023-01-20 09:19:39,086",
  "filename": "repositories.py",
  "lineno": 155,
  "message": "Rating matching query does not exist."
}
{
  "levelname": "ERROR",
  "asctime": "2023-01-21 12:33:58,647",
  "filename": "decorators.py",
  "lineno": 16,
  "message": "'NoneType' object has no attribute 'filter'"
}
{
  "levelname": "ERROR",
  "asctime": "2023-01-21 12:35:35,839",
  "filename": "crud_utils.py",
  "lineno": 41,
  "message": "Passed parameter '('title',)' is unavailable"
}
{
  "levelname": "ERROR",
  "asctime": "2023-01-27 12:36:27,358",
  "filename": "crud_utils.py",
  "lineno": 41,
  "message": "Passed parameter '(None,)' is unavailable"
}
{
  "levelname": "ERROR",
  "asctime": "2023-01-27 12:36:27,382",
  "filename": "decorators.py",
  "lineno": 16,
  "message": "'NoneType' object has no attribute 'filter'"
}
{
  "levelname": "ERROR",
  "asctime": "2023-04-23 07:21:22,618",
  "filename": "crud_utils.py",
  "lineno": 42,
  "message": "Passed parameter '('pk',)' is unavailable"
}
{
  "levelname": "ERROR",
  "asctime": "2023-04-23 07:21:42,887",
  "filename": "crud_utils.py",
  "lineno": 42,
  "message": "Passed parameter '('pk',)' is unavailable"
}
{
  "levelname": "ERROR",
  "asctime": "2023-04-23 07:21:59,707",
  "filename": "crud_utils.py",
  "lineno": 42,
  "message": "Passed parameter '('pk',)' is unavailable"
}
{
  "levelname": "ERROR",
  "asctime": "2023-04-23 07:22:34,008",
  "filename": "crud_utils.py",
  "lineno": 42,
  "message": "Passed parameter '('pk',)' is unavailable"
}
{
  "levelname": "ERROR",
  "asctime": "2023-04-26 12:44:14,643",
  "filename": "decorators.py",
  "lineno": 16,
  "message": "'Movie' object has no attribute 'annotate'"
}
